nohup: ignoring input
True
Namespace(batch_size=16, checkpoint_root='checkpoints', data_name='LEVIR', dataset='CDDataset', gpu_ids=[0], img_size=256, loss='ce', lr=0.005, lr_decay_iters=100, lr_policy='linear', max_epochs=300, n_class=2, net_G='base_transformer_pos_s4_dd8_dedim8_outsigmoid', num_workers=4, optimizer='sgd', output_sigmoid='False', project_name='auxilary_model', split='train', split_val='val')
[0]
initialize network with normal
cuda:0
================ (Wed Mar 30 14:04:05 2022) ================
gpu_ids: [0] project_name: auxilary_model checkpoint_root: checkpoints num_workers: 4 dataset: CDDataset data_name: LEVIR batch_size: 16 split: train split_val: val img_size: 256 n_class: 2 output_sigmoid: False net_G: base_transformer_pos_s4_dd8_dedim8_outsigmoid loss: ce optimizer: sgd lr: 0.005 max_epochs: 300 lr_policy: linear lr_decay_iters: 100 checkpoint_dir: checkpoints/auxilary_model vis_dir: /archive/hot8/cd_data/BIT/vis/auxilary_model loading last checkpoint...
Epoch_to_start = 2, Historical_best_acc = 0.4893 (at epoch 0)

lr: 0.0049668
/home/tanrui@corp.sse.tongji.edu.cn/.conda/envs/tanrui/lib/python3.6/site-packages/torchvision/transforms/functional.py:405: UserWarning: Argument interpolation should be of type InterpolationMode instead of int. Please, use InterpolationMode enum.
  "Argument interpolation should be of type InterpolationMode instead of int. "
/home/tanrui@corp.sse.tongji.edu.cn/.conda/envs/tanrui/lib/python3.6/site-packages/torchvision/transforms/functional.py:405: UserWarning: Argument interpolation should be of type InterpolationMode instead of int. Please, use InterpolationMode enum.
  "Argument interpolation should be of type InterpolationMode instead of int. "
/home/tanrui@corp.sse.tongji.edu.cn/.conda/envs/tanrui/lib/python3.6/site-packages/torchvision/transforms/functional.py:405: UserWarning: Argument interpolation should be of type InterpolationMode instead of int. Please, use InterpolationMode enum.
  "Argument interpolation should be of type InterpolationMode instead of int. "
/home/tanrui@corp.sse.tongji.edu.cn/.conda/envs/tanrui/lib/python3.6/site-packages/torchvision/transforms/functional.py:405: UserWarning: Argument interpolation should be of type InterpolationMode instead of int. Please, use InterpolationMode enum.
  "Argument interpolation should be of type InterpolationMode instead of int. "
/home/tanrui@corp.sse.tongji.edu.cn/.conda/envs/tanrui/lib/python3.6/site-packages/torch/nn/functional.py:3635: UserWarning: Default upsampling behavior when mode=bilinear is changed to align_corners=False since 0.4.0. Please specify align_corners=True if the old behavior is desired. See the documentation of nn.Upsample for details.
  "See the documentation of nn.Upsample for details.".format(mode)
Is_training: True. [2,299][1,28], imps: 125.47, est: 4.73h, G_loss: 0.21555, running_mf1: 0.48230
Is_training: True. Epoch 2 / 299, epoch_mF1= 0.48811
acc: 0.95353 miou: 0.47677 mf1: 0.48811 iou_0: 0.95353 iou_1: 0.00000 F1_0: 0.97621 F1_1: 0.00000 precision_0: 0.95353 precision_1: 0.00000 recall_0: 1.00000 recall_1: 0.00000 

Begin evaluation...
/home/tanrui@corp.sse.tongji.edu.cn/.conda/envs/tanrui/lib/python3.6/site-packages/torchvision/transforms/functional.py:405: UserWarning: Argument interpolation should be of type InterpolationMode instead of int. Please, use InterpolationMode enum.
  "Argument interpolation should be of type InterpolationMode instead of int. "
/home/tanrui@corp.sse.tongji.edu.cn/.conda/envs/tanrui/lib/python3.6/site-packages/torchvision/transforms/functional.py:405: UserWarning: Argument interpolation should be of type InterpolationMode instead of int. Please, use InterpolationMode enum.
  "Argument interpolation should be of type InterpolationMode instead of int. "
/home/tanrui@corp.sse.tongji.edu.cn/.conda/envs/tanrui/lib/python3.6/site-packages/torchvision/transforms/functional.py:405: UserWarning: Argument interpolation should be of type InterpolationMode instead of int. Please, use InterpolationMode enum.
  "Argument interpolation should be of type InterpolationMode instead of int. "
/home/tanrui@corp.sse.tongji.edu.cn/.conda/envs/tanrui/lib/python3.6/site-packages/torchvision/transforms/functional.py:405: UserWarning: Argument interpolation should be of type InterpolationMode instead of int. Please, use InterpolationMode enum.
  "Argument interpolation should be of type InterpolationMode instead of int. "
Is_training: False. [2,299][1,4], imps: 19.63, est: 30.21h, G_loss: 0.12700, running_mf1: 0.49077
Is_training: False. Epoch 2 / 299, epoch_mF1= 0.48928
acc: 0.95803 miou: 0.47902 mf1: 0.48928 iou_0: 0.95803 iou_1: 0.00000 F1_0: 0.97857 F1_1: 0.00000 precision_0: 0.95803 precision_1: 0.00000 recall_0: 1.00000 recall_1: 0.00000 

Lastest model updated. Epoch_acc=0.4893, Historical_best_acc=0.4893 (at epoch 0)

lr: 0.0049502
/home/tanrui@corp.sse.tongji.edu.cn/.conda/envs/tanrui/lib/python3.6/site-packages/torchvision/transforms/functional.py:405: UserWarning: Argument interpolation should be of type InterpolationMode instead of int. Please, use InterpolationMode enum.
  "Argument interpolation should be of type InterpolationMode instead of int. "
/home/tanrui@corp.sse.tongji.edu.cn/.conda/envs/tanrui/lib/python3.6/site-packages/torchvision/transforms/functional.py:405: UserWarning: Argument interpolation should be of type InterpolationMode instead of int. Please, use InterpolationMode enum.
  "Argument interpolation should be of type InterpolationMode instead of int. "
/home/tanrui@corp.sse.tongji.edu.cn/.conda/envs/tanrui/lib/python3.6/site-packages/torchvision/transforms/functional.py:405: UserWarning: Argument interpolation should be of type InterpolationMode instead of int. Please, use InterpolationMode enum.
  "Argument interpolation should be of type InterpolationMode instead of int. "
/home/tanrui@corp.sse.tongji.edu.cn/.conda/envs/tanrui/lib/python3.6/site-packages/torchvision/transforms/functional.py:405: UserWarning: Argument interpolation should be of type InterpolationMode instead of int. Please, use InterpolationMode enum.
  "Argument interpolation should be of type InterpolationMode instead of int. "
Is_training: True. [3,299][1,28], imps: 206.66, est: 2.86h, G_loss: 0.21850, running_mf1: 0.48009
Is_training: True. Epoch 3 / 299, epoch_mF1= 0.48820
acc: 0.95388 miou: 0.47694 mf1: 0.48820 iou_0: 0.95388 iou_1: 0.00000 F1_0: 0.97640 F1_1: 0.00000 precision_0: 0.95388 precision_1: 0.00000 recall_0: 1.00000 recall_1: 0.00000 

Begin evaluation...
/home/tanrui@corp.sse.tongji.edu.cn/.conda/envs/tanrui/lib/python3.6/site-packages/torchvision/transforms/functional.py:405: UserWarning: Argument interpolation should be of type InterpolationMode instead of int. Please, use InterpolationMode enum.
  "Argument interpolation should be of type InterpolationMode instead of int. "
/home/tanrui@corp.sse.tongji.edu.cn/.conda/envs/tanrui/lib/python3.6/site-packages/torchvision/transforms/functional.py:405: UserWarning: Argument interpolation should be of type InterpolationMode instead of int. Please, use InterpolationMode enum.
  "Argument interpolation should be of type InterpolationMode instead of int. "
/home/tanrui@corp.sse.tongji.edu.cn/.conda/envs/tanrui/lib/python3.6/site-packages/torchvision/transforms/functional.py:405: UserWarning: Argument interpolation should be of type InterpolationMode instead of int. Please, use InterpolationMode enum.
  "Argument interpolation should be of type InterpolationMode instead of int. "
/home/tanrui@corp.sse.tongji.edu.cn/.conda/envs/tanrui/lib/python3.6/site-packages/torchvision/transforms/functional.py:405: UserWarning: Argument interpolation should be of type InterpolationMode instead of int. Please, use InterpolationMode enum.
  "Argument interpolation should be of type InterpolationMode instead of int. "
Is_training: False. [3,299][1,4], imps: 131.37, est: 4.50h, G_loss: 0.11740, running_mf1: 0.49451
Is_training: False. Epoch 3 / 299, epoch_mF1= 0.48928
acc: 0.95803 miou: 0.47902 mf1: 0.48928 iou_0: 0.95803 iou_1: 0.00000 F1_0: 0.97857 F1_1: 0.00000 precision_0: 0.95803 precision_1: 0.00000 recall_0: 1.00000 recall_1: 0.00000 

Lastest model updated. Epoch_acc=0.4893, Historical_best_acc=0.4893 (at epoch 0)

lr: 0.0049336
/home/tanrui@corp.sse.tongji.edu.cn/.conda/envs/tanrui/lib/python3.6/site-packages/torchvision/transforms/functional.py:405: UserWarning: Argument interpolation should be of type InterpolationMode instead of int. Please, use InterpolationMode enum.
  "Argument interpolation should be of type InterpolationMode instead of int. "
/home/tanrui@corp.sse.tongji.edu.cn/.conda/envs/tanrui/lib/python3.6/site-packages/torchvision/transforms/functional.py:405: UserWarning: Argument interpolation should be of type InterpolationMode instead of int. Please, use InterpolationMode enum.
  "Argument interpolation should be of type InterpolationMode instead of int. "
/home/tanrui@corp.sse.tongji.edu.cn/.conda/envs/tanrui/lib/python3.6/site-packages/torchvision/transforms/functional.py:405: UserWarning: Argument interpolation should be of type InterpolationMode instead of int. Please, use InterpolationMode enum.
  "Argument interpolation should be of type InterpolationMode instead of int. "
/home/tanrui@corp.sse.tongji.edu.cn/.conda/envs/tanrui/lib/python3.6/site-packages/torchvision/transforms/functional.py:405: UserWarning: Argument interpolation should be of type InterpolationMode instead of int. Please, use InterpolationMode enum.
  "Argument interpolation should be of type InterpolationMode instead of int. "
Is_training: True. [4,299][1,28], imps: 205.78, est: 2.86h, G_loss: 0.12223, running_mf1: 0.49011
Is_training: True. Epoch 4 / 299, epoch_mF1= 0.48823
acc: 0.95401 miou: 0.47700 mf1: 0.48823 iou_0: 0.95401 iou_1: 0.00000 F1_0: 0.97646 F1_1: 0.00000 precision_0: 0.95401 precision_1: 0.00000 recall_0: 1.00000 recall_1: 0.00000 

Begin evaluation...
/home/tanrui@corp.sse.tongji.edu.cn/.conda/envs/tanrui/lib/python3.6/site-packages/torchvision/transforms/functional.py:405: UserWarning: Argument interpolation should be of type InterpolationMode instead of int. Please, use InterpolationMode enum.
  "Argument interpolation should be of type InterpolationMode instead of int. "
/home/tanrui@corp.sse.tongji.edu.cn/.conda/envs/tanrui/lib/python3.6/site-packages/torchvision/transforms/functional.py:405: UserWarning: Argument interpolation should be of type InterpolationMode instead of int. Please, use InterpolationMode enum.
  "Argument interpolation should be of type InterpolationMode instead of int. "
/home/tanrui@corp.sse.tongji.edu.cn/.conda/envs/tanrui/lib/python3.6/site-packages/torchvision/transforms/functional.py:405: UserWarning: Argument interpolation should be of type InterpolationMode instead of int. Please, use InterpolationMode enum.
  "Argument interpolation should be of type InterpolationMode instead of int. "
/home/tanrui@corp.sse.tongji.edu.cn/.conda/envs/tanrui/lib/python3.6/site-packages/torchvision/transforms/functional.py:405: UserWarning: Argument interpolation should be of type InterpolationMode instead of int. Please, use InterpolationMode enum.
  "Argument interpolation should be of type InterpolationMode instead of int. "
Is_training: False. [4,299][1,4], imps: 152.25, est: 3.87h, G_loss: 0.11598, running_mf1: 0.48525
Is_training: False. Epoch 4 / 299, epoch_mF1= 0.48928
acc: 0.95803 miou: 0.47902 mf1: 0.48928 iou_0: 0.95803 iou_1: 0.00000 F1_0: 0.97857 F1_1: 0.00000 precision_0: 0.95803 precision_1: 0.00000 recall_0: 1.00000 recall_1: 0.00000 

Lastest model updated. Epoch_acc=0.4893, Historical_best_acc=0.4893 (at epoch 0)

lr: 0.0049169
/home/tanrui@corp.sse.tongji.edu.cn/.conda/envs/tanrui/lib/python3.6/site-packages/torchvision/transforms/functional.py:405: UserWarning: Argument interpolation should be of type InterpolationMode instead of int. Please, use InterpolationMode enum.
  "Argument interpolation should be of type InterpolationMode instead of int. "
/home/tanrui@corp.sse.tongji.edu.cn/.conda/envs/tanrui/lib/python3.6/site-packages/torchvision/transforms/functional.py:405: UserWarning: Argument interpolation should be of type InterpolationMode instead of int. Please, use InterpolationMode enum.
  "Argument interpolation should be of type InterpolationMode instead of int. "
/home/tanrui@corp.sse.tongji.edu.cn/.conda/envs/tanrui/lib/python3.6/site-packages/torchvision/transforms/functional.py:405: UserWarning: Argument interpolation should be of type InterpolationMode instead of int. Please, use InterpolationMode enum.
  "Argument interpolation should be of type InterpolationMode instead of int. "
/home/tanrui@corp.sse.tongji.edu.cn/.conda/envs/tanrui/lib/python3.6/site-packages/torchvision/transforms/functional.py:405: UserWarning: Argument interpolation should be of type InterpolationMode instead of int. Please, use InterpolationMode enum.
  "Argument interpolation should be of type InterpolationMode instead of int. "
Is_training: True. [5,299][1,28], imps: 202.93, est: 2.89h, G_loss: 0.12040, running_mf1: 0.48963
Is_training: True. Epoch 5 / 299, epoch_mF1= 0.48813
acc: 0.95363 miou: 0.47681 mf1: 0.48813 iou_0: 0.95363 iou_1: 0.00000 F1_0: 0.97626 F1_1: 0.00000 precision_0: 0.95363 precision_1: 0.00000 recall_0: 1.00000 recall_1: 0.00000 

Begin evaluation...
/home/tanrui@corp.sse.tongji.edu.cn/.conda/envs/tanrui/lib/python3.6/site-packages/torchvision/transforms/functional.py:405: UserWarning: Argument interpolation should be of type InterpolationMode instead of int. Please, use InterpolationMode enum.
  "Argument interpolation should be of type InterpolationMode instead of int. "
/home/tanrui@corp.sse.tongji.edu.cn/.conda/envs/tanrui/lib/python3.6/site-packages/torchvision/transforms/functional.py:405: UserWarning: Argument interpolation should be of type InterpolationMode instead of int. Please, use InterpolationMode enum.
  "Argument interpolation should be of type InterpolationMode instead of int. "
/home/tanrui@corp.sse.tongji.edu.cn/.conda/envs/tanrui/lib/python3.6/site-packages/torchvision/transforms/functional.py:405: UserWarning: Argument interpolation should be of type InterpolationMode instead of int. Please, use InterpolationMode enum.
  "Argument interpolation should be of type InterpolationMode instead of int. "
/home/tanrui@corp.sse.tongji.edu.cn/.conda/envs/tanrui/lib/python3.6/site-packages/torchvision/transforms/functional.py:405: UserWarning: Argument interpolation should be of type InterpolationMode instead of int. Please, use InterpolationMode enum.
  "Argument interpolation should be of type InterpolationMode instead of int. "
Is_training: False. [5,299][1,4], imps: 170.10, est: 3.45h, G_loss: 0.16873, running_mf1: 0.49564
Is_training: False. Epoch 5 / 299, epoch_mF1= 0.48928
acc: 0.95803 miou: 0.47902 mf1: 0.48928 iou_0: 0.95803 iou_1: 0.00000 F1_0: 0.97857 F1_1: 0.00000 precision_0: 0.95803 precision_1: 0.00000 recall_0: 1.00000 recall_1: 0.00000 

Lastest model updated. Epoch_acc=0.4893, Historical_best_acc=0.4893 (at epoch 0)

lr: 0.0049003
/home/tanrui@corp.sse.tongji.edu.cn/.conda/envs/tanrui/lib/python3.6/site-packages/torchvision/transforms/functional.py:405: UserWarning: Argument interpolation should be of type InterpolationMode instead of int. Please, use InterpolationMode enum.
  "Argument interpolation should be of type InterpolationMode instead of int. "
/home/tanrui@corp.sse.tongji.edu.cn/.conda/envs/tanrui/lib/python3.6/site-packages/torchvision/transforms/functional.py:405: UserWarning: Argument interpolation should be of type InterpolationMode instead of int. Please, use InterpolationMode enum.
  "Argument interpolation should be of type InterpolationMode instead of int. "
/home/tanrui@corp.sse.tongji.edu.cn/.conda/envs/tanrui/lib/python3.6/site-packages/torchvision/transforms/functional.py:405: UserWarning: Argument interpolation should be of type InterpolationMode instead of int. Please, use InterpolationMode enum.
  "Argument interpolation should be of type InterpolationMode instead of int. "
/home/tanrui@corp.sse.tongji.edu.cn/.conda/envs/tanrui/lib/python3.6/site-packages/torchvision/transforms/functional.py:405: UserWarning: Argument interpolation should be of type InterpolationMode instead of int. Please, use InterpolationMode enum.
  "Argument interpolation should be of type InterpolationMode instead of int. "
Is_training: True. [6,299][1,28], imps: 207.62, est: 2.82h, G_loss: 0.15461, running_mf1: 0.48749
Is_training: True. Epoch 6 / 299, epoch_mF1= 0.48814
acc: 0.95367 miou: 0.47683 mf1: 0.48814 iou_0: 0.95367 iou_1: 0.00000 F1_0: 0.97628 F1_1: 0.00000 precision_0: 0.95367 precision_1: 0.00000 recall_0: 1.00000 recall_1: 0.00000 

Begin evaluation...
/home/tanrui@corp.sse.tongji.edu.cn/.conda/envs/tanrui/lib/python3.6/site-packages/torchvision/transforms/functional.py:405: UserWarning: Argument interpolation should be of type InterpolationMode instead of int. Please, use InterpolationMode enum.
  "Argument interpolation should be of type InterpolationMode instead of int. "
/home/tanrui@corp.sse.tongji.edu.cn/.conda/envs/tanrui/lib/python3.6/site-packages/torchvision/transforms/functional.py:405: UserWarning: Argument interpolation should be of type InterpolationMode instead of int. Please, use InterpolationMode enum.
  "Argument interpolation should be of type InterpolationMode instead of int. "
/home/tanrui@corp.sse.tongji.edu.cn/.conda/envs/tanrui/lib/python3.6/site-packages/torchvision/transforms/functional.py:405: UserWarning: Argument interpolation should be of type InterpolationMode instead of int. Please, use InterpolationMode enum.
  "Argument interpolation should be of type InterpolationMode instead of int. "
/home/tanrui@corp.sse.tongji.edu.cn/.conda/envs/tanrui/lib/python3.6/site-packages/torchvision/transforms/functional.py:405: UserWarning: Argument interpolation should be of type InterpolationMode instead of int. Please, use InterpolationMode enum.
  "Argument interpolation should be of type InterpolationMode instead of int. "
Is_training: False. [6,299][1,4], imps: 178.88, est: 3.27h, G_loss: 0.08646, running_mf1: 0.49003
Is_training: False. Epoch 6 / 299, epoch_mF1= 0.48928
acc: 0.95803 miou: 0.47902 mf1: 0.48928 iou_0: 0.95803 iou_1: 0.00000 F1_0: 0.97857 F1_1: 0.00000 precision_0: 0.95803 precision_1: 0.00000 recall_0: 1.00000 recall_1: 0.00000 

Lastest model updated. Epoch_acc=0.4893, Historical_best_acc=0.4893 (at epoch 0)

lr: 0.0048837
/home/tanrui@corp.sse.tongji.edu.cn/.conda/envs/tanrui/lib/python3.6/site-packages/torchvision/transforms/functional.py:405: UserWarning: Argument interpolation should be of type InterpolationMode instead of int. Please, use InterpolationMode enum.
  "Argument interpolation should be of type InterpolationMode instead of int. "
/home/tanrui@corp.sse.tongji.edu.cn/.conda/envs/tanrui/lib/python3.6/site-packages/torchvision/transforms/functional.py:405: UserWarning: Argument interpolation should be of type InterpolationMode instead of int. Please, use InterpolationMode enum.
  "Argument interpolation should be of type InterpolationMode instead of int. "
/home/tanrui@corp.sse.tongji.edu.cn/.conda/envs/tanrui/lib/python3.6/site-packages/torchvision/transforms/functional.py:405: UserWarning: Argument interpolation should be of type InterpolationMode instead of int. Please, use InterpolationMode enum.
  "Argument interpolation should be of type InterpolationMode instead of int. "
/home/tanrui@corp.sse.tongji.edu.cn/.conda/envs/tanrui/lib/python3.6/site-packages/torchvision/transforms/functional.py:405: UserWarning: Argument interpolation should be of type InterpolationMode instead of int. Please, use InterpolationMode enum.
  "Argument interpolation should be of type InterpolationMode instead of int. "
Is_training: True. [7,299][1,28], imps: 206.93, est: 2.82h, G_loss: 0.07991, running_mf1: 0.49390
Is_training: True. Epoch 7 / 299, epoch_mF1= 0.48815
acc: 0.95371 miou: 0.47686 mf1: 0.48815 iou_0: 0.95371 iou_1: 0.00000 F1_0: 0.97631 F1_1: 0.00000 precision_0: 0.95371 precision_1: 0.00000 recall_0: 1.00000 recall_1: 0.00000 

Begin evaluation...
/home/tanrui@corp.sse.tongji.edu.cn/.conda/envs/tanrui/lib/python3.6/site-packages/torchvision/transforms/functional.py:405: UserWarning: Argument interpolation should be of type InterpolationMode instead of int. Please, use InterpolationMode enum.
  "Argument interpolation should be of type InterpolationMode instead of int. "
/home/tanrui@corp.sse.tongji.edu.cn/.conda/envs/tanrui/lib/python3.6/site-packages/torchvision/transforms/functional.py:405: UserWarning: Argument interpolation should be of type InterpolationMode instead of int. Please, use InterpolationMode enum.
  "Argument interpolation should be of type InterpolationMode instead of int. "
/home/tanrui@corp.sse.tongji.edu.cn/.conda/envs/tanrui/lib/python3.6/site-packages/torchvision/transforms/functional.py:405: UserWarning: Argument interpolation should be of type InterpolationMode instead of int. Please, use InterpolationMode enum.
  "Argument interpolation should be of type InterpolationMode instead of int. "
/home/tanrui@corp.sse.tongji.edu.cn/.conda/envs/tanrui/lib/python3.6/site-packages/torchvision/transforms/functional.py:405: UserWarning: Argument interpolation should be of type InterpolationMode instead of int. Please, use InterpolationMode enum.
  "Argument interpolation should be of type InterpolationMode instead of int. "
Is_training: False. [7,299][1,4], imps: 182.28, est: 3.20h, G_loss: 0.20659, running_mf1: 0.48885
Is_training: False. Epoch 7 / 299, epoch_mF1= 0.48928
acc: 0.95803 miou: 0.47902 mf1: 0.48928 iou_0: 0.95803 iou_1: 0.00000 F1_0: 0.97857 F1_1: 0.00000 precision_0: 0.95803 precision_1: 0.00000 recall_0: 1.00000 recall_1: 0.00000 

Lastest model updated. Epoch_acc=0.4893, Historical_best_acc=0.4893 (at epoch 0)

lr: 0.0048671
/home/tanrui@corp.sse.tongji.edu.cn/.conda/envs/tanrui/lib/python3.6/site-packages/torchvision/transforms/functional.py:405: UserWarning: Argument interpolation should be of type InterpolationMode instead of int. Please, use InterpolationMode enum.
  "Argument interpolation should be of type InterpolationMode instead of int. "
/home/tanrui@corp.sse.tongji.edu.cn/.conda/envs/tanrui/lib/python3.6/site-packages/torchvision/transforms/functional.py:405: UserWarning: Argument interpolation should be of type InterpolationMode instead of int. Please, use InterpolationMode enum.
  "Argument interpolation should be of type InterpolationMode instead of int. "
/home/tanrui@corp.sse.tongji.edu.cn/.conda/envs/tanrui/lib/python3.6/site-packages/torchvision/transforms/functional.py:405: UserWarning: Argument interpolation should be of type InterpolationMode instead of int. Please, use InterpolationMode enum.
  "Argument interpolation should be of type InterpolationMode instead of int. "
/home/tanrui@corp.sse.tongji.edu.cn/.conda/envs/tanrui/lib/python3.6/site-packages/torchvision/transforms/functional.py:405: UserWarning: Argument interpolation should be of type InterpolationMode instead of int. Please, use InterpolationMode enum.
  "Argument interpolation should be of type InterpolationMode instead of int. "
Is_training: True. [8,299][1,28], imps: 209.68, est: 2.77h, G_loss: 0.17671, running_mf1: 0.47952
Is_training: True. Epoch 8 / 299, epoch_mF1= 0.48810
acc: 0.95351 miou: 0.47675 mf1: 0.48810 iou_0: 0.95351 iou_1: 0.00000 F1_0: 0.97620 F1_1: 0.00000 precision_0: 0.95351 precision_1: 0.00000 recall_0: 1.00000 recall_1: 0.00000 

Begin evaluation...
/home/tanrui@corp.sse.tongji.edu.cn/.conda/envs/tanrui/lib/python3.6/site-packages/torchvision/transforms/functional.py:405: UserWarning: Argument interpolation should be of type InterpolationMode instead of int. Please, use InterpolationMode enum.
  "Argument interpolation should be of type InterpolationMode instead of int. "
/home/tanrui@corp.sse.tongji.edu.cn/.conda/envs/tanrui/lib/python3.6/site-packages/torchvision/transforms/functional.py:405: UserWarning: Argument interpolation should be of type InterpolationMode instead of int. Please, use InterpolationMode enum.
  "Argument interpolation should be of type InterpolationMode instead of int. "
/home/tanrui@corp.sse.tongji.edu.cn/.conda/envs/tanrui/lib/python3.6/site-packages/torchvision/transforms/functional.py:405: UserWarning: Argument interpolation should be of type InterpolationMode instead of int. Please, use InterpolationMode enum.
  "Argument interpolation should be of type InterpolationMode instead of int. "
/home/tanrui@corp.sse.tongji.edu.cn/.conda/envs/tanrui/lib/python3.6/site-packages/torchvision/transforms/functional.py:405: UserWarning: Argument interpolation should be of type InterpolationMode instead of int. Please, use InterpolationMode enum.
  "Argument interpolation should be of type InterpolationMode instead of int. "
Is_training: False. [8,299][1,4], imps: 190.40, est: 3.05h, G_loss: 0.12890, running_mf1: 0.48955
Is_training: False. Epoch 8 / 299, epoch_mF1= 0.48928
acc: 0.95803 miou: 0.47902 mf1: 0.48928 iou_0: 0.95803 iou_1: 0.00000 F1_0: 0.97857 F1_1: 0.00000 precision_0: 0.95803 precision_1: 0.00000 recall_0: 1.00000 recall_1: 0.00000 

Lastest model updated. Epoch_acc=0.4893, Historical_best_acc=0.4893 (at epoch 0)

lr: 0.0048505
/home/tanrui@corp.sse.tongji.edu.cn/.conda/envs/tanrui/lib/python3.6/site-packages/torchvision/transforms/functional.py:405: UserWarning: Argument interpolation should be of type InterpolationMode instead of int. Please, use InterpolationMode enum.
  "Argument interpolation should be of type InterpolationMode instead of int. "
/home/tanrui@corp.sse.tongji.edu.cn/.conda/envs/tanrui/lib/python3.6/site-packages/torchvision/transforms/functional.py:405: UserWarning: Argument interpolation should be of type InterpolationMode instead of int. Please, use InterpolationMode enum.
  "Argument interpolation should be of type InterpolationMode instead of int. "
/home/tanrui@corp.sse.tongji.edu.cn/.conda/envs/tanrui/lib/python3.6/site-packages/torchvision/transforms/functional.py:405: UserWarning: Argument interpolation should be of type InterpolationMode instead of int. Please, use InterpolationMode enum.
  "Argument interpolation should be of type InterpolationMode instead of int. "
/home/tanrui@corp.sse.tongji.edu.cn/.conda/envs/tanrui/lib/python3.6/site-packages/torchvision/transforms/functional.py:405: UserWarning: Argument interpolation should be of type InterpolationMode instead of int. Please, use InterpolationMode enum.
  "Argument interpolation should be of type InterpolationMode instead of int. "
Is_training: True. [9,299][1,28], imps: 210.12, est: 2.76h, G_loss: 0.10342, running_mf1: 0.48897
Is_training: True. Epoch 9 / 299, epoch_mF1= 0.48812
acc: 0.95359 miou: 0.47679 mf1: 0.48812 iou_0: 0.95359 iou_1: 0.00000 F1_0: 0.97624 F1_1: 0.00000 precision_0: 0.95359 precision_1: 0.00000 recall_0: 1.00000 recall_1: 0.00000 

Begin evaluation...
/home/tanrui@corp.sse.tongji.edu.cn/.conda/envs/tanrui/lib/python3.6/site-packages/torchvision/transforms/functional.py:405: UserWarning: Argument interpolation should be of type InterpolationMode instead of int. Please, use InterpolationMode enum.
  "Argument interpolation should be of type InterpolationMode instead of int. "
/home/tanrui@corp.sse.tongji.edu.cn/.conda/envs/tanrui/lib/python3.6/site-packages/torchvision/transforms/functional.py:405: UserWarning: Argument interpolation should be of type InterpolationMode instead of int. Please, use InterpolationMode enum.
  "Argument interpolation should be of type InterpolationMode instead of int. "
/home/tanrui@corp.sse.tongji.edu.cn/.conda/envs/tanrui/lib/python3.6/site-packages/torchvision/transforms/functional.py:405: UserWarning: Argument interpolation should be of type InterpolationMode instead of int. Please, use InterpolationMode enum.
  "Argument interpolation should be of type InterpolationMode instead of int. "
/home/tanrui@corp.sse.tongji.edu.cn/.conda/envs/tanrui/lib/python3.6/site-packages/torchvision/transforms/functional.py:405: UserWarning: Argument interpolation should be of type InterpolationMode instead of int. Please, use InterpolationMode enum.
  "Argument interpolation should be of type InterpolationMode instead of int. "
Is_training: False. [9,299][1,4], imps: 195.40, est: 2.96h, G_loss: 0.17797, running_mf1: 0.48562
Is_training: False. Epoch 9 / 299, epoch_mF1= 0.48928
acc: 0.95803 miou: 0.47902 mf1: 0.48928 iou_0: 0.95803 iou_1: 0.00000 F1_0: 0.97857 F1_1: 0.00000 precision_0: 0.95803 precision_1: 0.00000 recall_0: 1.00000 recall_1: 0.00000 

Lastest model updated. Epoch_acc=0.4893, Historical_best_acc=0.4893 (at epoch 0)

lr: 0.0048339
/home/tanrui@corp.sse.tongji.edu.cn/.conda/envs/tanrui/lib/python3.6/site-packages/torchvision/transforms/functional.py:405: UserWarning: Argument interpolation should be of type InterpolationMode instead of int. Please, use InterpolationMode enum.
  "Argument interpolation should be of type InterpolationMode instead of int. "
/home/tanrui@corp.sse.tongji.edu.cn/.conda/envs/tanrui/lib/python3.6/site-packages/torchvision/transforms/functional.py:405: UserWarning: Argument interpolation should be of type InterpolationMode instead of int. Please, use InterpolationMode enum.
  "Argument interpolation should be of type InterpolationMode instead of int. "
/home/tanrui@corp.sse.tongji.edu.cn/.conda/envs/tanrui/lib/python3.6/site-packages/torchvision/transforms/functional.py:405: UserWarning: Argument interpolation should be of type InterpolationMode instead of int. Please, use InterpolationMode enum.
  "Argument interpolation should be of type InterpolationMode instead of int. "
/home/tanrui@corp.sse.tongji.edu.cn/.conda/envs/tanrui/lib/python3.6/site-packages/torchvision/transforms/functional.py:405: UserWarning: Argument interpolation should be of type InterpolationMode instead of int. Please, use InterpolationMode enum.
  "Argument interpolation should be of type InterpolationMode instead of int. "
Is_training: True. [10,299][1,28], imps: 216.45, est: 2.67h, G_loss: 0.12597, running_mf1: 0.48763
Is_training: True. Epoch 10 / 299, epoch_mF1= 0.48811
acc: 0.95356 miou: 0.47678 mf1: 0.48811 iou_0: 0.95356 iou_1: 0.00000 F1_0: 0.97623 F1_1: 0.00000 precision_0: 0.95356 precision_1: 0.00000 recall_0: 1.00000 recall_1: 0.00000 

Begin evaluation...
/home/tanrui@corp.sse.tongji.edu.cn/.conda/envs/tanrui/lib/python3.6/site-packages/torchvision/transforms/functional.py:405: UserWarning: Argument interpolation should be of type InterpolationMode instead of int. Please, use InterpolationMode enum.
  "Argument interpolation should be of type InterpolationMode instead of int. "
/home/tanrui@corp.sse.tongji.edu.cn/.conda/envs/tanrui/lib/python3.6/site-packages/torchvision/transforms/functional.py:405: UserWarning: Argument interpolation should be of type InterpolationMode instead of int. Please, use InterpolationMode enum.
  "Argument interpolation should be of type InterpolationMode instead of int. "
/home/tanrui@corp.sse.tongji.edu.cn/.conda/envs/tanrui/lib/python3.6/site-packages/torchvision/transforms/functional.py:405: UserWarning: Argument interpolation should be of type InterpolationMode instead of int. Please, use InterpolationMode enum.
  "Argument interpolation should be of type InterpolationMode instead of int. "
/home/tanrui@corp.sse.tongji.edu.cn/.conda/envs/tanrui/lib/python3.6/site-packages/torchvision/transforms/functional.py:405: UserWarning: Argument interpolation should be of type InterpolationMode instead of int. Please, use InterpolationMode enum.
  "Argument interpolation should be of type InterpolationMode instead of int. "
Is_training: False. [10,299][1,4], imps: 200.57, est: 2.88h, G_loss: 0.14047, running_mf1: 0.48705
Is_training: False. Epoch 10 / 299, epoch_mF1= 0.48928
acc: 0.95803 miou: 0.47902 mf1: 0.48928 iou_0: 0.95803 iou_1: 0.00000 F1_0: 0.97857 F1_1: 0.00000 precision_0: 0.95803 precision_1: 0.00000 recall_0: 1.00000 recall_1: 0.00000 

Lastest model updated. Epoch_acc=0.4893, Historical_best_acc=0.4893 (at epoch 0)

lr: 0.0048173
/home/tanrui@corp.sse.tongji.edu.cn/.conda/envs/tanrui/lib/python3.6/site-packages/torchvision/transforms/functional.py:405: UserWarning: Argument interpolation should be of type InterpolationMode instead of int. Please, use InterpolationMode enum.
  "Argument interpolation should be of type InterpolationMode instead of int. "
/home/tanrui@corp.sse.tongji.edu.cn/.conda/envs/tanrui/lib/python3.6/site-packages/torchvision/transforms/functional.py:405: UserWarning: Argument interpolation should be of type InterpolationMode instead of int. Please, use InterpolationMode enum.
  "Argument interpolation should be of type InterpolationMode instead of int. "
/home/tanrui@corp.sse.tongji.edu.cn/.conda/envs/tanrui/lib/python3.6/site-packages/torchvision/transforms/functional.py:405: UserWarning: Argument interpolation should be of type InterpolationMode instead of int. Please, use InterpolationMode enum.
  "Argument interpolation should be of type InterpolationMode instead of int. "
/home/tanrui@corp.sse.tongji.edu.cn/.conda/envs/tanrui/lib/python3.6/site-packages/torchvision/transforms/functional.py:405: UserWarning: Argument interpolation should be of type InterpolationMode instead of int. Please, use InterpolationMode enum.
  "Argument interpolation should be of type InterpolationMode instead of int. "
Is_training: True. [11,299][1,28], imps: 219.60, est: 2.62h, G_loss: 0.13983, running_mf1: 0.48594
Is_training: True. Epoch 11 / 299, epoch_mF1= 0.48825
acc: 0.95408 miou: 0.47704 mf1: 0.48825 iou_0: 0.95408 iou_1: 0.00000 F1_0: 0.97650 F1_1: 0.00000 precision_0: 0.95408 precision_1: 0.00000 recall_0: 1.00000 recall_1: 0.00000 

Begin evaluation...
/home/tanrui@corp.sse.tongji.edu.cn/.conda/envs/tanrui/lib/python3.6/site-packages/torchvision/transforms/functional.py:405: UserWarning: Argument interpolation should be of type InterpolationMode instead of int. Please, use InterpolationMode enum.
  "Argument interpolation should be of type InterpolationMode instead of int. "
/home/tanrui@corp.sse.tongji.edu.cn/.conda/envs/tanrui/lib/python3.6/site-packages/torchvision/transforms/functional.py:405: UserWarning: Argument interpolation should be of type InterpolationMode instead of int. Please, use InterpolationMode enum.
  "Argument interpolation should be of type InterpolationMode instead of int. "
/home/tanrui@corp.sse.tongji.edu.cn/.conda/envs/tanrui/lib/python3.6/site-packages/torchvision/transforms/functional.py:405: UserWarning: Argument interpolation should be of type InterpolationMode instead of int. Please, use InterpolationMode enum.
  "Argument interpolation should be of type InterpolationMode instead of int. "
/home/tanrui@corp.sse.tongji.edu.cn/.conda/envs/tanrui/lib/python3.6/site-packages/torchvision/transforms/functional.py:405: UserWarning: Argument interpolation should be of type InterpolationMode instead of int. Please, use InterpolationMode enum.
  "Argument interpolation should be of type InterpolationMode instead of int. "
Is_training: False. [11,299][1,4], imps: 207.13, est: 2.78h, G_loss: 0.13388, running_mf1: 0.48704
Is_training: False. Epoch 11 / 299, epoch_mF1= 0.48928
acc: 0.95803 miou: 0.47902 mf1: 0.48928 iou_0: 0.95803 iou_1: 0.00000 F1_0: 0.97857 F1_1: 0.00000 precision_0: 0.95803 precision_1: 0.00000 recall_0: 1.00000 recall_1: 0.00000 

Lastest model updated. Epoch_acc=0.4893, Historical_best_acc=0.4893 (at epoch 0)

lr: 0.0048007
/home/tanrui@corp.sse.tongji.edu.cn/.conda/envs/tanrui/lib/python3.6/site-packages/torchvision/transforms/functional.py:405: UserWarning: Argument interpolation should be of type InterpolationMode instead of int. Please, use InterpolationMode enum.
  "Argument interpolation should be of type InterpolationMode instead of int. "
/home/tanrui@corp.sse.tongji.edu.cn/.conda/envs/tanrui/lib/python3.6/site-packages/torchvision/transforms/functional.py:405: UserWarning: Argument interpolation should be of type InterpolationMode instead of int. Please, use InterpolationMode enum.
  "Argument interpolation should be of type InterpolationMode instead of int. "
/home/tanrui@corp.sse.tongji.edu.cn/.conda/envs/tanrui/lib/python3.6/site-packages/torchvision/transforms/functional.py:405: UserWarning: Argument interpolation should be of type InterpolationMode instead of int. Please, use InterpolationMode enum.
  "Argument interpolation should be of type InterpolationMode instead of int. "
/home/tanrui@corp.sse.tongji.edu.cn/.conda/envs/tanrui/lib/python3.6/site-packages/torchvision/transforms/functional.py:405: UserWarning: Argument interpolation should be of type InterpolationMode instead of int. Please, use InterpolationMode enum.
  "Argument interpolation should be of type InterpolationMode instead of int. "
Is_training: True. [12,299][1,28], imps: 225.52, est: 2.54h, G_loss: 0.11248, running_mf1: 0.48829
Is_training: True. Epoch 12 / 299, epoch_mF1= 0.48823
acc: 0.95400 miou: 0.47700 mf1: 0.48823 iou_0: 0.95400 iou_1: 0.00000 F1_0: 0.97646 F1_1: 0.00000 precision_0: 0.95400 precision_1: 0.00000 recall_0: 1.00000 recall_1: 0.00000 

Begin evaluation...
/home/tanrui@corp.sse.tongji.edu.cn/.conda/envs/tanrui/lib/python3.6/site-packages/torchvision/transforms/functional.py:405: UserWarning: Argument interpolation should be of type InterpolationMode instead of int. Please, use InterpolationMode enum.
  "Argument interpolation should be of type InterpolationMode instead of int. "
/home/tanrui@corp.sse.tongji.edu.cn/.conda/envs/tanrui/lib/python3.6/site-packages/torchvision/transforms/functional.py:405: UserWarning: Argument interpolation should be of type InterpolationMode instead of int. Please, use InterpolationMode enum.
  "Argument interpolation should be of type InterpolationMode instead of int. "
/home/tanrui@corp.sse.tongji.edu.cn/.conda/envs/tanrui/lib/python3.6/site-packages/torchvision/transforms/functional.py:405: UserWarning: Argument interpolation should be of type InterpolationMode instead of int. Please, use InterpolationMode enum.
  "Argument interpolation should be of type InterpolationMode instead of int. "
/home/tanrui@corp.sse.tongji.edu.cn/.conda/envs/tanrui/lib/python3.6/site-packages/torchvision/transforms/functional.py:405: UserWarning: Argument interpolation should be of type InterpolationMode instead of int. Please, use InterpolationMode enum.
  "Argument interpolation should be of type InterpolationMode instead of int. "
Is_training: False. [12,299][1,4], imps: 213.97, est: 2.68h, G_loss: 0.12986, running_mf1: 0.49230
Is_training: False. Epoch 12 / 299, epoch_mF1= 0.48928
acc: 0.95803 miou: 0.47902 mf1: 0.48928 iou_0: 0.95803 iou_1: 0.00000 F1_0: 0.97857 F1_1: 0.00000 precision_0: 0.95803 precision_1: 0.00000 recall_0: 1.00000 recall_1: 0.00000 

Lastest model updated. Epoch_acc=0.4893, Historical_best_acc=0.4893 (at epoch 0)

lr: 0.0047841
/home/tanrui@corp.sse.tongji.edu.cn/.conda/envs/tanrui/lib/python3.6/site-packages/torchvision/transforms/functional.py:405: UserWarning: Argument interpolation should be of type InterpolationMode instead of int. Please, use InterpolationMode enum.
  "Argument interpolation should be of type InterpolationMode instead of int. "
/home/tanrui@corp.sse.tongji.edu.cn/.conda/envs/tanrui/lib/python3.6/site-packages/torchvision/transforms/functional.py:405: UserWarning: Argument interpolation should be of type InterpolationMode instead of int. Please, use InterpolationMode enum.
  "Argument interpolation should be of type InterpolationMode instead of int. "
/home/tanrui@corp.sse.tongji.edu.cn/.conda/envs/tanrui/lib/python3.6/site-packages/torchvision/transforms/functional.py:405: UserWarning: Argument interpolation should be of type InterpolationMode instead of int. Please, use InterpolationMode enum.
  "Argument interpolation should be of type InterpolationMode instead of int. "
/home/tanrui@corp.sse.tongji.edu.cn/.conda/envs/tanrui/lib/python3.6/site-packages/torchvision/transforms/functional.py:405: UserWarning: Argument interpolation should be of type InterpolationMode instead of int. Please, use InterpolationMode enum.
  "Argument interpolation should be of type InterpolationMode instead of int. "
Is_training: True. [13,299][1,28], imps: 230.80, est: 2.48h, G_loss: 0.11287, running_mf1: 0.48678
Is_training: True. Epoch 13 / 299, epoch_mF1= 0.48812
acc: 0.95360 miou: 0.47680 mf1: 0.48812 iou_0: 0.95360 iou_1: 0.00000 F1_0: 0.97625 F1_1: 0.00000 precision_0: 0.95360 precision_1: 0.00000 recall_0: 1.00000 recall_1: 0.00000 

Begin evaluation...
/home/tanrui@corp.sse.tongji.edu.cn/.conda/envs/tanrui/lib/python3.6/site-packages/torchvision/transforms/functional.py:405: UserWarning: Argument interpolation should be of type InterpolationMode instead of int. Please, use InterpolationMode enum.
  "Argument interpolation should be of type InterpolationMode instead of int. "
/home/tanrui@corp.sse.tongji.edu.cn/.conda/envs/tanrui/lib/python3.6/site-packages/torchvision/transforms/functional.py:405: UserWarning: Argument interpolation should be of type InterpolationMode instead of int. Please, use InterpolationMode enum.
  "Argument interpolation should be of type InterpolationMode instead of int. "
/home/tanrui@corp.sse.tongji.edu.cn/.conda/envs/tanrui/lib/python3.6/site-packages/torchvision/transforms/functional.py:405: UserWarning: Argument interpolation should be of type InterpolationMode instead of int. Please, use InterpolationMode enum.
  "Argument interpolation should be of type InterpolationMode instead of int. "
/home/tanrui@corp.sse.tongji.edu.cn/.conda/envs/tanrui/lib/python3.6/site-packages/torchvision/transforms/functional.py:405: UserWarning: Argument interpolation should be of type InterpolationMode instead of int. Please, use InterpolationMode enum.
  "Argument interpolation should be of type InterpolationMode instead of int. "
Is_training: False. [13,299][1,4], imps: 219.76, est: 2.60h, G_loss: 0.12001, running_mf1: 0.48631
Is_training: False. Epoch 13 / 299, epoch_mF1= 0.48928
acc: 0.95803 miou: 0.47902 mf1: 0.48928 iou_0: 0.95803 iou_1: 0.00000 F1_0: 0.97857 F1_1: 0.00000 precision_0: 0.95803 precision_1: 0.00000 recall_0: 1.00000 recall_1: 0.00000 

Lastest model updated. Epoch_acc=0.4893, Historical_best_acc=0.4893 (at epoch 0)

lr: 0.0047674
nohup: ignoring input
True
Namespace(batch_size=16, checkpoint_root='checkpoints', data_name='LEVIR', dataset='CDDataset', gpu_ids=[0], img_size=256, loss='ce_aux', lr=0.005, lr_decay_iters=100, lr_policy='linear', max_epochs=300, n_class=2, net_G='base_transformer_pos_s4_dd8_dedim8_outsigmoid', num_workers=4, optimizer='sgd', output_sigmoid='False', project_name='auxilary_model', split='train', split_val='val')
[0]
initialize network with normal
cuda:0
================ (Wed Mar 30 16:46:01 2022) ================
gpu_ids: [0] project_name: auxilary_model checkpoint_root: checkpoints num_workers: 4 dataset: CDDataset data_name: LEVIR batch_size: 16 split: train split_val: val img_size: 256 n_class: 2 output_sigmoid: False net_G: base_transformer_pos_s4_dd8_dedim8_outsigmoid loss: ce_aux optimizer: sgd lr: 0.005 max_epochs: 300 lr_policy: linear lr_decay_iters: 100 checkpoint_dir: checkpoints/auxilary_model vis_dir: /archive/hot8/cd_data/BIT/vis/auxilary_model loading last checkpoint...
Epoch_to_start = 14, Historical_best_acc = 0.4893 (at epoch 0)

lr: 0.0047674
